[2026-06-11T23:01:53.859Z] [INFO] 🚀 InnoFaso démarré sur http://localhost:5000
[2026-06-11T23:01:53.989Z] [INFO] ⏰ Cron des alertes démarré.
[2026-06-11T23:02:02.938Z] [INFO] ⏰ Cron des alertes démarré.
[2026-06-11T23:02:02.924Z] [INFO] 🚀 InnoFaso démarré sur http://localhost:5000
[2026-06-11T23:04:22.866Z] [INFO] [0mGET /api/v1/auth/me [33m401[0m 60.541 ms - 29[0m
[2026-06-11T23:04:22.889Z] [INFO] [0mGET /api/v1/auth/me [33m401[0m 1.683 ms - 29[0m
[2026-06-11T23:07:06.681Z] [INFO] 🚀 InnoFaso démarré sur http://localhost:5000
[2026-06-11T23:07:06.730Z] [INFO] ⏰ Cron des alertes démarré.
[2026-06-11T23:07:19.566Z] [INFO] [0mPOST /api/v1/auth/login [32m200[0m 1049.694 ms - 551[0m
[2026-06-11T23:07:20.017Z] [INFO] [0mGET /api/v1/alertes?statut=NON_LUE [36m304[0m 160.789 ms - -[0m
[2026-06-11T23:07:20.104Z] [INFO] [0mGET /api/v1/alertes?statut=NON_LUE [36m304[0m 28.400 ms - -[0m
[2026-06-11T23:07:20.199Z] [INFO] [0mGET /api/v1/planning/lignes [32m200[0m 325.762 ms - 472[0m
[2026-06-11T23:07:20.267Z] [INFO] [0mGET /api/v1/planning/suivi-equipements?mois=6&annee=2026 [31m500[0m 359.798 ms - 72[0m
[2026-06-11T23:07:20.317Z] [INFO] [0mGET /api/v1/planning/synthese?mois=6&annee=2026 [31m500[0m 429.922 ms - 110[0m
[2026-06-11T23:07:20.353Z] [INFO] [0mGET /api/v1/planning/lignes [36m304[0m 101.612 ms - -[0m
[2026-06-11T23:07:20.450Z] [INFO] [0mGET /api/v1/planning/suivi-equipements?mois=6&annee=2026 [31m500[0m 79.909 ms - 72[0m
[2026-06-11T23:07:20.519Z] [INFO] [0mGET /api/v1/planning/graphiques?mois=6&annee=2026 [31m500[0m 616.220 ms - 110[0m
[2026-06-11T23:07:20.600Z] [INFO] [0mGET /api/v1/planning/synthese?mois=6&annee=2026 [31m500[0m 227.816 ms - 110[0m
[2026-06-11T23:07:20.802Z] [INFO] [0mGET /api/v1/planning/graphiques?mois=6&annee=2026 [31m500[0m 233.294 ms - 110[0m
[2026-06-11T23:07:24.324Z] [INFO] [0mGET /api/v1/formulaires?module=MAINTENANCE&actif=true [32m200[0m 161.230 ms - 14248[0m
[2026-06-11T23:07:24.343Z] [INFO] [0mGET /api/v1/alertes?statut=NON_LUE [36m304[0m 185.364 ms - -[0m
[2026-06-11T23:07:24.411Z] [INFO] [0mGET /api/v1/formulaires?module=MAINTENANCE&actif=true [36m304[0m 34.132 ms - -[0m
[2026-06-11T23:07:26.097Z] [INFO] [0mGET /api/v1/alertes?statut=NON_LUE [36m304[0m 11.305 ms - -[0m
[2026-06-11T23:07:26.140Z] [INFO] [0mGET /api/v1/formulaires?actif=true&module=MAINTENANCE [32m200[0m 32.437 ms - 14248[0m
[2026-06-11T23:07:26.222Z] [INFO] [0mGET /api/v1/soumissions?page=1&limit=15&module=MAINTENANCE [32m200[0m 114.802 ms - 100[0m
[2026-06-11T23:07:26.329Z] [INFO] [0mGET /api/v1/soumissions?page=1&limit=15 [32m200[0m 208.001 ms - 100[0m
[2026-06-11T23:07:26.335Z] [INFO] [0mGET /api/v1/formulaires?actif=true [32m200[0m 218.444 ms - 18635[0m
[2026-06-11T23:07:26.359Z] [INFO] [0mGET /api/v1/soumissions?page=1&limit=15 [36m304[0m 14.780 ms - -[0m
[2026-06-11T23:07:26.367Z] [INFO] [0mGET /api/v1/formulaires?actif=true [36m304[0m 16.776 ms - -[0m
[2026-06-11T23:07:27.635Z] [INFO] [0mGET /api/v1/soumissions?page=1&limit=20&module=MAINTENANCE [32m200[0m 16.641 ms - 100[0m
[2026-06-11T23:07:27.650Z] [INFO] [0mGET /api/v1/alertes?statut=NON_LUE [36m304[0m 47.083 ms - -[0m
[2026-06-11T23:07:27.695Z] [INFO] [0mGET /api/v1/soumissions?page=1&limit=20&module=MAINTENANCE [36m304[0m 25.648 ms - -[0m
[2026-06-11T23:07:29.062Z] [INFO] [0mGET /api/v1/alertes?statut=NON_LUE [36m304[0m 15.114 ms - -[0m
[2026-06-11T23:07:29.082Z] [INFO] [0mGET /api/v1/alertes?statut=NON_LUE&module=MAINTENANCE&page=1&limit=20 [36m304[0m 22.015 ms - -[0m
[2026-06-11T23:07:29.105Z] [INFO] [0mGET /api/v1/alertes?statut=NON_LUE&module=MAINTENANCE&page=1&limit=20 [36m304[0m 9.742 ms - -[0m
[2026-06-11T23:07:30.776Z] [INFO] [0mGET /api/v1/alertes?statut=NON_LUE [36m304[0m 10.014 ms - -[0m
[2026-06-11T23:07:30.808Z] [INFO] [0mGET /api/v1/matieres/stats [36m304[0m 19.444 ms - -[0m
[2026-06-11T23:07:30.810Z] [INFO] [0mGET /api/v1/matieres/categories [36m304[0m 28.462 ms - -[0m
[2026-06-11T23:07:30.826Z] [INFO] [0mGET /api/v1/matieres?actif=true [36m304[0m 35.857 ms - -[0m
[2026-06-11T23:07:30.858Z] [INFO] [0mGET /api/v1/matieres/categories [36m304[0m 5.803 ms - -[0m
[2026-06-11T23:07:30.859Z] [INFO] [0mGET /api/v1/matieres/stats [36m304[0m 15.129 ms - -[0m
[2026-06-11T23:07:30.869Z] [INFO] [0mGET /api/v1/matieres?actif=true [36m304[0m 11.628 ms - -[0m
[2026-06-11T23:07:34.229Z] [INFO] [0mGET /api/v1/alertes?statut=NON_LUE [36m304[0m 12.525 ms - -[0m
[2026-06-11T23:07:34.259Z] [INFO] [0mGET /api/v1/equipements [36m304[0m 13.008 ms - -[0m
[2026-06-11T23:07:34.278Z] [INFO] [0mGET /api/v1/equipements [36m304[0m 13.608 ms - -[0m
[2026-06-11T23:07:38.638Z] [INFO] [0mGET /api/v1/auth/me [32m200[0m 15.614 ms - 145[0m
[2026-06-11T23:07:38.654Z] [INFO] [0mGET /api/v1/auth/me [36m304[0m 5.586 ms - -[0m
[2026-06-11T23:07:38.737Z] [INFO] [0mGET /api/v1/matieres?actif=true [36m304[0m 15.456 ms - -[0m
[2026-06-11T23:07:38.751Z] [INFO] [0mGET /api/v1/matieres/categories [36m304[0m 27.928 ms - -[0m
[2026-06-11T23:07:38.769Z] [INFO] [0mGET /api/v1/alertes?statut=NON_LUE [36m304[0m 45.581 ms - -[0m
[2026-06-11T23:07:38.783Z] [INFO] [0mGET /api/v1/matieres/stats [36m304[0m 56.970 ms - -[0m
[2026-06-11T23:07:38.862Z] [INFO] [0mGET /api/v1/matieres?actif=true [36m304[0m 48.898 ms - -[0m
[2026-06-11T23:07:38.877Z] [INFO] [0mGET /api/v1/matieres/categories [36m304[0m 46.350 ms - -[0m
[2026-06-11T23:07:38.890Z] [INFO] [0mGET /api/v1/matieres/stats [36m304[0m 3.452 ms - -[0m
[2026-06-11T23:07:38.906Z] [INFO] [0mGET /api/v1/alertes?statut=NON_LUE [36m304[0m 21.581 ms - -[0m
[2026-06-11T23:07:41.692Z] [INFO] [0mGET /api/v1/alertes?statut=NON_LUE [36m304[0m 12.109 ms - -[0m
[2026-06-11T23:07:41.700Z] [INFO] [0mGET /api/v1/planning/lignes [36m304[0m 13.664 ms - -[0m
[2026-06-11T23:07:41.719Z] [INFO] [0mGET /api/v1/planning/maintenanciers/lister [31m500[0m 28.005 ms - 26[0m
[2026-06-11T23:07:41.742Z] [INFO] [0mGET /api/v1/planning/lignes [36m304[0m 15.955 ms - -[0m
[2026-06-11T23:07:41.747Z] [INFO] [0mGET /api/v1/planning/maintenanciers/lister [31m500[0m 10.438 ms - 26[0m
[2026-06-11T23:08:17.260Z] [INFO] [0mGET /api/v1/lignes [32m200[0m 18.285 ms - 472[0m
[2026-06-11T23:08:17.280Z] [INFO] [0mGET /api/v1/alertes?statut=NON_LUE [36m304[0m 45.230 ms - -[0m
[2026-06-11T23:08:17.340Z] [INFO] [0mGET /api/v1/lignes [36m304[0m 6.828 ms - -[0m
[2026-06-11T23:08:21.917Z] [INFO] [0mGET /api/v1/alertes?statut=NON_LUE [36m304[0m 23.829 ms - -[0m
[2026-06-11T23:08:21.930Z] [INFO] [0mGET /api/v1/equipements [36m304[0m 16.032 ms - -[0m
[2026-06-11T23:08:21.944Z] [INFO] [0mGET /api/v1/stock/pieces [36m304[0m 17.825 ms - -[0m
[2026-06-11T23:08:21.977Z] [INFO] [0mGET /api/v1/stock/pieces [36m304[0m 20.399 ms - -[0m
[2026-06-11T23:08:21.979Z] [INFO] [0mGET /api/v1/equipements [36m304[0m 26.046 ms - -[0m
[2026-06-11T23:08:24.469Z] [INFO] [0mGET /api/v1/alertes?statut=NON_LUE [36m304[0m 21.377 ms - -[0m
[2026-06-11T23:08:24.483Z] [INFO] [0mGET /api/v1/formulaires?actif=true [36m304[0m 21.950 ms - -[0m
[2026-06-11T23:08:24.525Z] [INFO] [0mGET /api/v1/formulaires?actif=true [36m304[0m 13.228 ms - -[0m
[2026-06-11T23:08:28.602Z] [INFO] [0mGET /api/v1/alertes?statut=NON_LUE [36m304[0m 8.759 ms - -[0m
[2026-06-11T23:08:28.634Z] [INFO] [0mGET /api/v1/planning/lignes [36m304[0m 22.589 ms - -[0m
[2026-06-11T23:08:28.696Z] [INFO] [0mGET /api/v1/planning/lignes [36m304[0m 23.859 ms - -[0m
[2026-06-11T23:08:28.722Z] [INFO] [0mGET /api/v1/planning/synthese?mois=6&annee=2026 [31m500[0m 108.431 ms - 110[0m
[2026-06-11T23:08:28.792Z] [INFO] [0mGET /api/v1/planning/synthese?mois=6&annee=2026 [31m500[0m 56.797 ms - 110[0m
[2026-06-11T23:08:28.857Z] [INFO] [0mGET /api/v1/planning/suivi-equipements?mois=6&annee=2026 [31m500[0m 231.885 ms - 72[0m
[2026-06-11T23:08:28.907Z] [INFO] [0mGET /api/v1/planning/graphiques?mois=6&annee=2026 [31m500[0m 290.614 ms - 110[0m
[2026-06-11T23:08:29.070Z] [INFO] [0mGET /api/v1/planning/suivi-equipements?mois=6&annee=2026 [31m500[0m 190.041 ms - 72[0m
[2026-06-11T23:08:29.131Z] [INFO] [0mGET /api/v1/planning/graphiques?mois=6&annee=2026 [31m500[0m 198.238 ms - 110[0m
[2026-06-11T23:08:32.922Z] [INFO] [0mGET /api/v1/alertes?statut=NON_LUE [36m304[0m 82.826 ms - -[0m
[2026-06-11T23:08:32.938Z] [INFO] [0mGET /api/v1/dashboard/retard [36m304[0m 89.548 ms - -[0m
[2026-06-11T23:08:33.015Z] [INFO] [0mGET /api/v1/dashboard/activite [32m200[0m 156.485 ms - 192[0m
[2026-06-11T23:08:33.062Z] [INFO] [0mGET /api/v1/dashboard/retard [36m304[0m 52.169 ms - -[0m
[2026-06-11T23:08:33.072Z] [INFO] [0mGET /api/v1/alertes?statut=NON_LUE [36m304[0m 91.226 ms - -[0m
[2026-06-11T23:08:33.080Z] [INFO] [0mGET /api/v1/dashboard/activite [36m304[0m 40.296 ms - -[0m
[2026-06-11T23:08:33.120Z] [INFO] [0mGET /api/v1/dashboard/stats [32m200[0m 263.603 ms - 164[0m
[2026-06-11T23:08:33.122Z] [INFO] [0mGET /api/v1/dashboard/kpi [32m200[0m 270.078 ms - 164[0m
[2026-06-11T23:08:33.156Z] [INFO] [0mGET /api/v1/dashboard/stats [36m304[0m 25.990 ms - -[0m
[2026-06-11T23:08:33.162Z] [INFO] [0mGET /api/v1/dashboard/kpi [36m304[0m 30.414 ms - -[0m
[2026-06-11T23:08:38.348Z] [INFO] [0mGET /api/v1/alertes?statut=NON_LUE [36m304[0m 33.876 ms - -[0m
[2026-06-11T23:08:38.354Z] [INFO] [0mGET /api/v1/formulaires?module=PRODUCTION&actif=true [32m200[0m 27.110 ms - 4388[0m
[2026-06-11T23:08:38.370Z] [INFO] [0mGET /api/v1/formulaires?module=PRODUCTION&actif=true [36m304[0m 6.227 ms - -[0m
[2026-06-11T23:08:43.910Z] [INFO] [0mGET /api/v1/alertes?statut=NON_LUE [36m304[0m 14.529 ms - -[0m
[2026-06-11T23:08:43.944Z] [INFO] [0mGET /api/v1/soumissions?page=1&limit=15 [36m304[0m 29.148 ms - -[0m
[2026-06-11T23:08:43.950Z] [INFO] [0mGET /api/v1/formulaires?actif=true [36m304[0m 33.055 ms - -[0m
[2026-06-11T23:08:43.968Z] [INFO] [0mGET /api/v1/soumissions?page=1&limit=15&module=PRODUCTION [32m200[0m 46.804 ms - 100[0m
[2026-06-11T23:08:44.008Z] [INFO] [0mGET /api/v1/formulaires?actif=true [36m304[0m 15.274 ms - -[0m
[2026-06-11T23:08:44.016Z] [INFO] [0mGET /api/v1/formulaires?actif=true&module=PRODUCTION [32m200[0m 84.374 ms - 4388[0m
[2026-06-11T23:08:44.018Z] [INFO] [0mGET /api/v1/soumissions?page=1&limit=15 [36m304[0m 33.109 ms - -[0m
[2026-06-11T23:08:45.445Z] [INFO] [0mGET /api/v1/alertes?statut=NON_LUE [36m304[0m 16.584 ms - -[0m
[2026-06-11T23:08:45.460Z] [INFO] [0mGET /api/v1/alertes?statut=NON_LUE&module=PRODUCTION&page=1&limit=20 [32m200[0m 30.193 ms - 45[0m
[2026-06-11T23:08:45.494Z] [INFO] [0mGET /api/v1/alertes?statut=NON_LUE&module=PRODUCTION&page=1&limit=20 [36m304[0m 19.319 ms - -[0m
[2026-06-11T23:08:46.256Z] [INFO] [0mGET /api/v1/soumissions?page=1&limit=20&module=PRODUCTION [32m200[0m 12.980 ms - 100[0m
[2026-06-11T23:08:46.258Z] [INFO] [0mGET /api/v1/alertes?statut=NON_LUE [36m304[0m 13.101 ms - -[0m
[2026-06-11T23:08:46.274Z] [INFO] [0mGET /api/v1/soumissions?page=1&limit=20&module=PRODUCTION [36m304[0m 7.283 ms - -[0m
[2026-06-11T23:08:47.549Z] [INFO] [0mGET /api/v1/alertes?statut=NON_LUE [36m304[0m 12.085 ms - -[0m
[2026-06-11T23:08:47.572Z] [INFO] [0mGET /api/v1/matieres/categories [36m304[0m 15.634 ms - -[0m
[2026-06-11T23:08:47.573Z] [INFO] [0mGET /api/v1/matieres/stats [36m304[0m 15.413 ms - -[0m
[2026-06-11T23:08:47.575Z] [INFO] [0mGET /api/v1/matieres?actif=true [36m304[0m 21.165 ms - -[0m
[2026-06-11T23:08:47.595Z] [INFO] [0mGET /api/v1/matieres/categories [36m304[0m 3.837 ms - -[0m
[2026-06-11T23:08:47.624Z] [INFO] [0mGET /api/v1/matieres/stats [36m304[0m 16.619 ms - -[0m
[2026-06-11T23:08:47.639Z] [INFO] [0mGET /api/v1/matieres?actif=true [36m304[0m 29.561 ms - -[0m
[2026-06-11T23:08:55.989Z] [INFO] [0mGET /api/v1/alertes?statut=NON_LUE [36m304[0m 14.881 ms - -[0m
[2026-06-11T23:08:55.995Z] [INFO] [0mGET /api/v1/planning/lignes [36m304[0m 16.081 ms - -[0m
[2026-06-11T23:08:56.004Z] [INFO] [0mGET /api/v1/planning/suivi-equipements?mois=6&annee=2026 [31m500[0m 17.034 ms - 72[0m
[2026-06-11T23:08:56.033Z] [INFO] [0mGET /api/v1/planning/lignes [36m304[0m 15.111 ms - -[0m
[2026-06-11T23:08:56.036Z] [INFO] [0mGET /api/v1/alertes?statut=NON_LUE [36m304[0m 20.523 ms - -[0m
[2026-06-11T23:08:56.047Z] [INFO] [0mGET /api/v1/planning/graphiques?mois=6&annee=2026 [31m500[0m 62.504 ms - 110[0m
[2026-06-11T23:08:56.054Z] [INFO] [0mGET /api/v1/planning/suivi-equipements?mois=6&annee=2026 [31m500[0m 33.644 ms - 72[0m
[2026-06-11T23:08:56.064Z] [INFO] [0mGET /api/v1/planning/synthese?mois=6&annee=2026 [31m500[0m 77.541 ms - 110[0m
[2026-06-11T23:08:56.098Z] [INFO] [0mGET /api/v1/planning/graphiques?mois=6&annee=2026 [31m500[0m 32.252 ms - 110[0m
[2026-06-11T23:08:56.112Z] [INFO] [0mGET /api/v1/planning/synthese?mois=6&annee=2026 [31m500[0m 20.950 ms - 110[0m
[2026-06-11T23:08:57.536Z] [INFO] [0mGET /api/v1/planning/lignes [36m304[0m 20.486 ms - -[0m
[2026-06-11T23:08:57.543Z] [INFO] [0mGET /api/v1/planning/maintenanciers/lister [31m500[0m 21.095 ms - 26[0m
[2026-06-11T23:08:57.545Z] [INFO] [0mGET /api/v1/alertes?statut=NON_LUE [36m304[0m 38.860 ms - -[0m
[2026-06-11T23:08:57.573Z] [INFO] [0mGET /api/v1/planning/maintenanciers/lister [31m500[0m 10.743 ms - 26[0m
[2026-06-11T23:08:57.585Z] [INFO] [0mGET /api/v1/planning/lignes [36m304[0m 20.511 ms - -[0m
[2026-06-11T23:11:04.276Z] [INFO] 🚀 InnoFaso démarré sur http://localhost:5000
[2026-06-11T23:11:04.325Z] [INFO] ⏰ Cron des alertes démarré.
[2026-06-11T23:11:12.770Z] [INFO] [0mGET /api/v1/auth/me [36m304[0m 209.019 ms - -[0m
[2026-06-11T23:11:12.967Z] [INFO] [0mGET /api/v1/auth/me [36m304[0m 61.729 ms - -[0m
[2026-06-11T23:11:13.146Z] [INFO] [0mGET /api/v1/alertes?statut=NON_LUE [36m304[0m 112.479 ms - -[0m
[2026-06-11T23:11:13.188Z] [INFO] [0mGET /api/v1/alertes?statut=NON_LUE [36m304[0m 15.366 ms - -[0m
[2026-06-11T23:11:13.277Z] [INFO] [0mGET /api/v1/planning/lignes [36m304[0m 240.261 ms - -[0m
[2026-06-11T23:11:13.314Z] [INFO] [0mGET /api/v1/planning/maintenanciers/lister [32m200[0m 273.239 ms - 129[0m
[2026-06-11T23:11:13.344Z] [INFO] [0mGET /api/v1/planning/maintenanciers/lister [36m304[0m 6.824 ms - -[0m
[2026-06-11T23:11:13.362Z] [INFO] [0mGET /api/v1/planning/lignes [36m304[0m 33.267 ms - -[0m
[2026-06-11T23:11:13.498Z] [INFO] [0mGET /api/v1/planning/mois?ligne_id=0dbcc3af-69b7-4ac8-8b44-5c4a7e8d98ab&mois=6&annee=2026&semaine_index=2 [32m200[0m 122.482 ms - 3115[0m
[2026-06-11T23:11:58.853Z] [INFO] [0mPOST /api/v1/planning/quart/assigner [32m200[0m 7.847 ms - 309[0m
[2026-06-11T23:11:58.873Z] [INFO] [0mGET /api/v1/planning/mois?ligne_id=0dbcc3af-69b7-4ac8-8b44-5c4a7e8d98ab&mois=6&annee=2026&semaine_index=2 [32m200[0m 10.617 ms - 3541[0m
[2026-06-11T23:12:03.972Z] [INFO] [0mGET /api/v1/utilisateurs/roles [32m200[0m 5.808 ms - 804[0m
[2026-06-11T23:12:03.982Z] [INFO] [0mGET /api/v1/utilisateurs [32m200[0m 20.027 ms - 321[0m
[2026-06-11T23:12:04.002Z] [INFO] [0mGET /api/v1/alertes?statut=NON_LUE [36m304[0m 47.010 ms - -[0m
[2026-06-11T23:12:04.004Z] [INFO] [0mGET /api/v1/utilisateurs/roles [36m304[0m 17.496 ms - -[0m
[2026-06-11T23:12:04.028Z] [INFO] [0mGET /api/v1/utilisateurs [36m304[0m 10.144 ms - -[0m
[2026-06-11T23:20:48.007Z] [ERROR] Email ou mot de passe incorrect. {"stack":"Error: Email ou mot de passe incorrect.\n    at Object.login (C:\\Users\\solan\\OneDrive\\Bureau\\innofaso-final\\backend\\src\\modules\\auth\\auth.service.js:46:21)\n    at async login (C:\\Users\\solan\\OneDrive\\Bureau\\innofaso-final\\backend\\src\\modules\\auth\\auth.controller.js:16:24)","method":"POST","url":"/api/v1/auth/login","ip":"::1","user":"anonymous"}
[2026-06-11T23:20:52.924Z] [INFO] [0mPOST /api/v1/auth/login [33m401[0m 7540.592 ms - 350[0m
[2026-06-11T23:21:07.073Z] [ERROR] Email ou mot de passe incorrect. {"stack":"Error: Email ou mot de passe incorrect.\n    at Object.login (C:\\Users\\solan\\OneDrive\\Bureau\\innofaso-final\\backend\\src\\modules\\auth\\auth.service.js:46:21)\n    at async login (C:\\Users\\solan\\OneDrive\\Bureau\\innofaso-final\\backend\\src\\modules\\auth\\auth.controller.js:16:24)","method":"POST","url":"/api/v1/auth/login","ip":"::1","user":"anonymous"}
[2026-06-11T23:21:07.079Z] [INFO] [0mPOST /api/v1/auth/login [33m401[0m 862.116 ms - 350[0m
[2026-06-11T23:21:51.658Z] [ERROR] Email ou mot de passe incorrect. {"stack":"Error: Email ou mot de passe incorrect.\n    at Object.login (C:\\Users\\solan\\OneDrive\\Bureau\\innofaso-final\\backend\\src\\modules\\auth\\auth.service.js:46:21)\n    at async login (C:\\Users\\solan\\OneDrive\\Bureau\\innofaso-final\\backend\\src\\modules\\auth\\auth.controller.js:16:24)","method":"POST","url":"/api/v1/auth/login","ip":"::1","user":"anonymous"}
[2026-06-11T23:21:51.666Z] [INFO] [0mPOST /api/v1/auth/login [33m401[0m 887.905 ms - 350[0m
[2026-06-11T23:22:07.765Z] [ERROR] Email ou mot de passe incorrect. {"stack":"Error: Email ou mot de passe incorrect.\n    at Object.login (C:\\Users\\solan\\OneDrive\\Bureau\\innofaso-final\\backend\\src\\modules\\auth\\auth.service.js:46:21)\n    at async login (C:\\Users\\solan\\OneDrive\\Bureau\\innofaso-final\\backend\\src\\modules\\auth\\auth.controller.js:16:24)","method":"POST","url":"/api/v1/auth/login","ip":"::1","user":"anonymous"}
[2026-06-11T23:22:07.772Z] [INFO] [0mPOST /api/v1/auth/login [33m401[0m 841.406 ms - 350[0m
[2026-06-11T23:24:23.532Z] [INFO] 🚀 InnoFaso démarré sur http://localhost:5000
[2026-06-11T23:24:23.620Z] [INFO] ⏰ Cron des alertes démarré.
[2026-06-11T23:24:28.847Z] [INFO] 🚀 InnoFaso démarré sur http://localhost:5000
[2026-06-11T23:24:28.918Z] [INFO] ⏰ Cron des alertes démarré.
[2026-06-11T23:26:03.045Z] [INFO] ⏰ Cron des alertes démarré.
[2026-06-11T23:26:03.014Z] [INFO] 🚀 InnoFaso démarré sur http://localhost:5000
[2026-06-11T23:26:06.429Z] [ERROR] Email ou mot de passe incorrect. {"stack":"Error: Email ou mot de passe incorrect.\n    at Object.login (C:\\Users\\solan\\OneDrive\\Bureau\\innofaso-final\\backend\\src\\modules\\auth\\auth.service.js:46:21)\n    at async login (C:\\Users\\solan\\OneDrive\\Bureau\\innofaso-final\\backend\\src\\modules\\auth\\auth.controller.js:16:24)","method":"POST","url":"/api/v1/auth/login","ip":"::1","user":"anonymous"}
[2026-06-11T23:26:06.454Z] [INFO] [0mPOST /api/v1/auth/login [33m401[0m 82.271 ms - 350[0m
[2026-06-11T23:26:23.284Z] [ERROR] Email ou mot de passe incorrect. {"stack":"Error: Email ou mot de passe incorrect.\n    at Object.login (C:\\Users\\solan\\OneDrive\\Bureau\\innofaso-final\\backend\\src\\modules\\auth\\auth.service.js:46:21)\n    at async login (C:\\Users\\solan\\OneDrive\\Bureau\\innofaso-final\\backend\\src\\modules\\auth\\auth.controller.js:16:24)","method":"POST","url":"/api/v1/auth/login","ip":"::1","user":"anonymous"}
[2026-06-11T23:26:23.294Z] [INFO] [0mPOST /api/v1/auth/login [33m401[0m 22.761 ms - 350[0m
[2026-06-11T23:30:39.124Z] [ERROR] Email ou mot de passe incorrect. {"stack":"Error: Email ou mot de passe incorrect.\n    at Object.login (C:\\Users\\solan\\OneDrive\\Bureau\\innofaso-final\\backend\\src\\modules\\auth\\auth.service.js:46:21)\n    at async login (C:\\Users\\solan\\OneDrive\\Bureau\\innofaso-final\\backend\\src\\modules\\auth\\auth.controller.js:16:24)","method":"POST","url":"/api/v1/auth/login","ip":"::1","user":"anonymous"}
[2026-06-11T23:30:39.141Z] [INFO] [0mPOST /api/v1/auth/login [33m401[0m 610.971 ms - 350[0m
[2026-06-11T23:30:53.427Z] [INFO] [0mPOST /api/v1/auth/login [32m200[0m 519.449 ms - 564[0m
[2026-06-11T23:30:55.134Z] [INFO] [0mGET /api/v1/dashboard/activite [32m200[0m 1164.939 ms - 2353[0m
[2026-06-11T23:30:55.418Z] [INFO] [0mGET /api/v1/dashboard/retard [36m304[0m 1425.876 ms - -[0m
[2026-06-11T23:30:55.586Z] [INFO] [0mGET /api/v1/alertes?statut=NON_LUE [36m304[0m 1675.939 ms - -[0m
[2026-06-11T23:30:56.147Z] [INFO] [0mGET /api/v1/dashboard/activite [36m304[0m 614.503 ms - -[0m
[2026-06-11T23:30:56.380Z] [INFO] [0mGET /api/v1/dashboard/retard [36m304[0m 696.120 ms - -[0m
[2026-06-11T23:30:56.509Z] [INFO] [0mGET /api/v1/alertes?statut=NON_LUE [36m304[0m 175.979 ms - -[0m
[2026-06-11T23:30:56.547Z] [INFO] [0mGET /api/v1/dashboard/kpi [36m304[0m 2656.218 ms - -[0m
[2026-06-11T23:30:56.592Z] [INFO] [0mGET /api/v1/dashboard/stats [36m304[0m 2609.146 ms - -[0m
[2026-06-11T23:30:56.702Z] [INFO] [0mGET /api/v1/dashboard/kpi [36m304[0m 104.201 ms - -[0m
[2026-06-11T23:30:56.746Z] [INFO] [0mGET /api/v1/dashboard/stats [36m304[0m 77.538 ms - -[0m
[2026-06-11T23:31:07.035Z] [INFO] [0mGET /api/v1/alertes?statut=NON_LUE [36m304[0m 50.585 ms - -[0m
[2026-06-11T23:31:09.177Z] [INFO] [0mGET /api/v1/alertes?statut=NON_LUE [36m304[0m 13.339 ms - -[0m
[2026-06-11T23:31:09.216Z] [INFO] [0mGET /api/v1/dashboard/retard [36m304[0m 20.460 ms - -[0m
[2026-06-11T23:31:09.227Z] [INFO] [0mGET /api/v1/dashboard/activite [36m304[0m 34.232 ms - -[0m
[2026-06-11T23:31:09.232Z] [INFO] [0mGET /api/v1/dashboard/stats [36m304[0m 43.183 ms - -[0m
[2026-06-11T23:31:09.237Z] [INFO] [0mGET /api/v1/dashboard/kpi [36m304[0m 33.618 ms - -[0m
[2026-06-11T23:31:09.267Z] [INFO] [0mGET /api/v1/dashboard/retard [36m304[0m 18.545 ms - -[0m
[2026-06-11T23:31:09.284Z] [INFO] [0mGET /api/v1/alertes?statut=NON_LUE [36m304[0m 72.526 ms - -[0m
[2026-06-11T23:31:09.325Z] [INFO] [0mGET /api/v1/dashboard/activite [36m304[0m 52.049 ms - -[0m
[2026-06-11T23:31:09.347Z] [INFO] [0mGET /api/v1/dashboard/stats [36m304[0m 66.283 ms - -[0m
[2026-06-11T23:31:09.480Z] [INFO] [0mGET /api/v1/dashboard/kpi [36m304[0m 191.420 ms - -[0m
[2026-06-11T23:31:11.036Z] [INFO] [0mGET /api/v1/alertes?statut=NON_LUE [36m304[0m 12.259 ms - -[0m
[2026-06-11T23:31:12.259Z] [INFO] [0mGET /api/v1/alertes?statut=NON_LUE [36m304[0m 11.932 ms - -[0m
[2026-06-11T23:31:12.268Z] [INFO] [0mGET /api/v1/dashboard/stats [36m304[0m 14.499 ms - -[0m
[2026-06-11T23:31:12.291Z] [INFO] [0mGET /api/v1/dashboard/retard [36m304[0m 17.497 ms - -[0m
[2026-06-11T23:31:12.303Z] [INFO] [0mGET /api/v1/dashboard/kpi [36m304[0m 25.897 ms - -[0m
[2026-06-11T23:31:12.313Z] [INFO] [0mGET /api/v1/dashboard/activite [36m304[0m 39.471 ms - -[0m
[2026-06-11T23:31:12.342Z] [INFO] [0mGET /api/v1/alertes?statut=NON_LUE [36m304[0m 52.999 ms - -[0m
[2026-06-11T23:31:12.353Z] [INFO] [0mGET /api/v1/dashboard/stats [36m304[0m 43.715 ms - -[0m
[2026-06-11T23:31:12.387Z] [INFO] [0mGET /api/v1/dashboard/retard [36m304[0m 62.212 ms - -[0m
[2026-06-11T23:31:12.411Z] [INFO] [0mGET /api/v1/dashboard/kpi [36m304[0m 69.897 ms - -[0m
[2026-06-11T23:31:12.423Z] [INFO] [0mGET /api/v1/dashboard/activite [36m304[0m 66.454 ms - -[0m
[2026-06-11T23:31:13.600Z] [INFO] [0mGET /api/v1/alertes?statut=NON_LUE [36m304[0m 31.045 ms - -[0m
[2026-06-11T23:31:14.651Z] [INFO] [0mGET /api/v1/dashboard/retard [36m304[0m 17.449 ms - -[0m
[2026-06-11T23:31:14.662Z] [INFO] [0mGET /api/v1/dashboard/activite [36m304[0m 26.360 ms - -[0m
[2026-06-11T23:31:14.664Z] [INFO] [0mGET /api/v1/alertes?statut=NON_LUE [36m304[0m 34.842 ms - -[0m
[2026-06-11T23:31:14.653Z] [INFO] [0mGET /api/v1/dashboard/stats [36m304[0m 21.833 ms - -[0m
[2026-06-11T23:31:14.701Z] [INFO] [0mGET /api/v1/dashboard/stats [36m304[0m 16.018 ms - -[0m
[2026-06-11T23:31:14.712Z] [INFO] [0mGET /api/v1/dashboard/activite [36m304[0m 17.005 ms - -[0m
[2026-06-11T23:31:14.717Z] [INFO] [0mGET /api/v1/dashboard/retard [36m304[0m 34.805 ms - -[0m
[2026-06-11T23:31:14.734Z] [INFO] [0mGET /api/v1/alertes?statut=NON_LUE [36m304[0m 35.278 ms - -[0m
[2026-06-11T23:31:14.766Z] [INFO] [0mGET /api/v1/dashboard/kpi [36m304[0m 133.592 ms - -[0m
[2026-06-11T23:31:14.826Z] [INFO] [0mGET /api/v1/dashboard/kpi [36m304[0m 43.102 ms - -[0m
[2026-06-11T23:31:16.574Z] [INFO] [0mGET /api/v1/alertes?statut=NON_LUE [36m304[0m 14.143 ms - -[0m
[2026-06-11T23:31:17.677Z] [INFO] [0mGET /api/v1/dashboard/retard [36m304[0m 16.781 ms - -[0m
[2026-06-11T23:31:17.694Z] [INFO] [0mGET /api/v1/dashboard/stats [36m304[0m 38.308 ms - -[0m
[2026-06-11T23:31:17.707Z] [INFO] [0mGET /api/v1/dashboard/activite [36m304[0m 48.198 ms - -[0m
[2026-06-11T23:31:17.721Z] [INFO] [0mGET /api/v1/dashboard/kpi [36m304[0m 58.577 ms - -[0m
[2026-06-11T23:31:17.726Z] [INFO] [0mGET /api/v1/alertes?statut=NON_LUE [36m304[0m 82.462 ms - -[0m
[2026-06-11T23:31:17.844Z] [INFO] [0mGET /api/v1/dashboard/retard [36m304[0m 100.205 ms - -[0m
[2026-06-11T23:31:17.858Z] [INFO] [0mGET /api/v1/dashboard/stats [36m304[0m 82.530 ms - -[0m
[2026-06-11T23:31:17.872Z] [INFO] [0mGET /api/v1/dashboard/kpi [36m304[0m 77.296 ms - -[0m
[2026-06-11T23:31:17.879Z] [INFO] [0mGET /api/v1/dashboard/activite [36m304[0m 100.386 ms - -[0m
[2026-06-11T23:31:17.939Z] [INFO] [0mGET /api/v1/alertes?statut=NON_LUE [36m304[0m 99.308 ms - -[0m
[2026-06-11T23:31:19.463Z] [INFO] [0mGET /api/v1/alertes?statut=NON_LUE [36m304[0m 9.203 ms - -[0m
[2026-06-11T23:31:20.531Z] [INFO] [0mGET /api/v1/alertes?statut=NON_LUE [36m304[0m 21.105 ms - -[0m
[2026-06-11T23:31:20.566Z] [INFO] [0mGET /api/v1/dashboard/stats [36m304[0m 31.410 ms - -[0m
[2026-06-11T23:31:20.569Z] [INFO] [0mGET /api/v1/dashboard/retard [36m304[0m 22.445 ms - -[0m
[2026-06-11T23:31:20.567Z] [INFO] [0mGET /api/v1/dashboard/activite [36m304[0m 26.139 ms - -[0m
[2026-06-11T23:31:20.581Z] [INFO] [0mGET /api/v1/dashboard/kpi [36m304[0m 27.876 ms - -[0m
[2026-06-11T23:31:20.601Z] [INFO] [0mGET /api/v1/alertes?statut=NON_LUE [36m304[0m 36.818 ms - -[0m
[2026-06-11T23:31:20.613Z] [INFO] [0mGET /api/v1/dashboard/stats [36m304[0m 10.543 ms - -[0m
[2026-06-11T23:31:20.698Z] [INFO] [0mGET /api/v1/dashboard/activite [36m304[0m 49.003 ms - -[0m
[2026-06-11T23:31:20.700Z] [INFO] [0mGET /api/v1/dashboard/retard [36m304[0m 34.337 ms - -[0m
[2026-06-11T23:31:20.703Z] [INFO] [0mGET /api/v1/dashboard/kpi [36m304[0m 21.599 ms - -[0m
[2026-06-11T23:31:34.029Z] [INFO] [0mPOST /api/v1/auth/login [32m200[0m 294.624 ms - 551[0m
[2026-06-11T23:31:37.067Z] [INFO] [0mGET /api/v1/alertes?statut=NON_LUE [36m304[0m 42.034 ms - -[0m
[2026-06-11T23:31:37.073Z] [INFO] [0mGET /api/v1/planning/lignes [36m304[0m 29.365 ms - -[0m
[2026-06-11T23:31:37.099Z] [INFO] [0mGET /api/v1/planning/suivi-equipements?mois=6&annee=2026 [31m500[0m 35.020 ms - 72[0m
[2026-06-11T23:31:37.123Z] [INFO] [0mGET /api/v1/alertes?statut=NON_LUE [36m304[0m 33.990 ms - -[0m
[2026-06-11T23:31:37.132Z] [INFO] [0mGET /api/v1/planning/lignes [36m304[0m 27.030 ms - -[0m
[2026-06-11T23:31:37.140Z] [INFO] [0mGET /api/v1/planning/synthese?mois=6&annee=2026 [31m500[0m 88.084 ms - 110[0m
[2026-06-11T23:31:37.155Z] [INFO] [0mGET /api/v1/planning/suivi-equipements?mois=6&annee=2026 [31m500[0m 34.328 ms - 72[0m
[2026-06-11T23:31:37.167Z] [INFO] [0mGET /api/v1/planning/graphiques?mois=6&annee=2026 [31m500[0m 103.633 ms - 110[0m
[2026-06-11T23:31:37.225Z] [INFO] [0mGET /api/v1/planning/synthese?mois=6&annee=2026 [31m500[0m 37.313 ms - 110[0m
[2026-06-11T23:31:37.258Z] [INFO] [0mGET /api/v1/planning/graphiques?mois=6&annee=2026 [31m500[0m 67.126 ms - 110[0m
[2026-06-11T23:31:40.770Z] [INFO] [0mGET /api/v1/alertes?statut=NON_LUE [36m304[0m 18.298 ms - -[0m
[2026-06-11T23:31:40.794Z] [INFO] [0mGET /api/v1/utilisateurs/roles [36m304[0m 18.656 ms - -[0m
[2026-06-11T23:31:40.808Z] [INFO] [0mGET /api/v1/utilisateurs [32m200[0m 29.469 ms - 2710[0m
[2026-06-11T23:31:40.829Z] [INFO] [0mGET /api/v1/utilisateurs/roles [36m304[0m 11.715 ms - -[0m
[2026-06-11T23:31:40.846Z] [INFO] [0mGET /api/v1/utilisateurs [36m304[0m 12.367 ms - -[0m
[2026-06-11T23:32:03.772Z] [INFO] [0mPOST /api/v1/auth/login [32m200[0m 253.526 ms - 569[0m
[2026-06-11T23:32:03.979Z] [INFO] [0mGET /api/v1/alertes?statut=NON_LUE [36m304[0m 30.550 ms - -[0m
[2026-06-11T23:32:04.069Z] [INFO] [0mGET /api/v1/dashboard/activite [36m304[0m 52.876 ms - -[0m
[2026-06-11T23:32:04.084Z] [INFO] [0mGET /api/v1/dashboard/stats [36m304[0m 85.282 ms - -[0m
[2026-06-11T23:32:04.103Z] [INFO] [0mGET /api/v1/dashboard/retard [36m304[0m 82.615 ms - -[0m
[2026-06-11T23:32:04.118Z] [INFO] [0mGET /api/v1/dashboard/kpi [36m304[0m 64.834 ms - -[0m
[2026-06-11T23:32:04.164Z] [INFO] [0mGET /api/v1/dashboard/activite [36m304[0m 36.759 ms - -[0m
[2026-06-11T23:32:04.210Z] [INFO] [0mGET /api/v1/dashboard/stats [36m304[0m 92.365 ms - -[0m
[2026-06-11T23:32:04.261Z] [INFO] [0mGET /api/v1/dashboard/retard [36m304[0m 78.366 ms - -[0m
[2026-06-11T23:32:04.266Z] [INFO] [0mGET /api/v1/dashboard/kpi [36m304[0m 70.297 ms - -[0m
[2026-06-11T23:32:04.319Z] [INFO] [0mGET /api/v1/alertes?statut=NON_LUE [36m304[0m 254.592 ms - -[0m
[2026-06-11T23:32:07.221Z] [INFO] [0mGET /api/v1/alertes?statut=NON_LUE [36m304[0m 11.069 ms - -[0m
[2026-06-11T23:32:07.235Z] [INFO] [0mGET /api/v1/formulaires?actif=true [36m304[0m 23.557 ms - -[0m
[2026-06-11T23:32:07.269Z] [INFO] [0mGET /api/v1/formulaires?actif=true [36m304[0m 12.596 ms - -[0m
[2026-06-11T23:32:17.007Z] [INFO] [0mGET /api/v1/alertes?statut=NON_LUE [36m304[0m 17.253 ms - -[0m
[2026-06-11T23:32:17.041Z] [INFO] [0mGET /api/v1/formulaires?actif=true [36m304[0m 12.282 ms - -[0m
[2026-06-11T23:32:17.052Z] [INFO] [0mGET /api/v1/soumissions?page=1&limit=15 [36m304[0m 18.722 ms - -[0m
[2026-06-11T23:32:17.128Z] [INFO] [0mGET /api/v1/formulaires?actif=true [36m304[0m 60.004 ms - -[0m
[2026-06-11T23:32:17.215Z] [INFO] [0mGET /api/v1/soumissions?page=1&limit=15 [36m304[0m 7.831 ms - -[0m
[2026-06-11T23:32:18.596Z] [INFO] [0mGET /api/v1/alertes?statut=NON_LUE [36m304[0m 16.925 ms - -[0m
[2026-06-11T23:32:18.666Z] [INFO] [0mGET /api/v1/soumissions?page=1&limit=20&module=PRODUCTION [36m304[0m 42.783 ms - -[0m
[2026-06-11T23:32:18.736Z] [INFO] [0mGET /api/v1/soumissions?page=1&limit=20&module=PRODUCTION [36m304[0m 14.241 ms - -[0m
[2026-06-11T23:32:19.971Z] [INFO] [0mGET /api/v1/alertes?statut=NON_LUE [36m304[0m 24.467 ms - -[0m
[2026-06-11T23:32:19.977Z] [INFO] [0mGET /api/v1/alertes?statut=NON_LUE&module=PRODUCTION&page=1&limit=20 [36m304[0m 25.295 ms - -[0m
[2026-06-11T23:32:20.025Z] [INFO] [0mGET /api/v1/alertes?statut=NON_LUE&module=PRODUCTION&page=1&limit=20 [36m304[0m 21.244 ms - -[0m
[2026-06-11T23:32:21.023Z] [INFO] [0mGET /api/v1/alertes?statut=NON_LUE [36m304[0m 37.352 ms - -[0m
[2026-06-11T23:32:21.037Z] [INFO] [0mGET /api/v1/matieres/stats [36m304[0m 14.267 ms - -[0m
[2026-06-11T23:32:21.050Z] [INFO] [0mGET /api/v1/matieres/categories [36m304[0m 36.191 ms - -[0m
[2026-06-11T23:32:21.064Z] [INFO] [0mGET /api/v1/matieres?actif=true [36m304[0m 60.614 ms - -[0m
[2026-06-11T23:32:21.119Z] [INFO] [0mGET /api/v1/matieres/stats [36m304[0m 45.191 ms - -[0m
[2026-06-11T23:32:21.123Z] [INFO] [0mGET /api/v1/matieres/categories [36m304[0m 18.212 ms - -[0m
[2026-06-11T23:32:21.156Z] [INFO] [0mGET /api/v1/matieres?actif=true [36m304[0m 16.645 ms - -[0m
[2026-06-11T23:32:52.985Z] [INFO] [0mPOST /api/v1/auth/login [32m200[0m 549.663 ms - 574[0m
[2026-06-11T23:32:53.219Z] [INFO] [0mGET /api/v1/alertes?statut=NON_LUE [36m304[0m 22.692 ms - -[0m
[2026-06-11T23:32:53.285Z] [INFO] [0mGET /api/v1/planning/lignes [36m304[0m 45.298 ms - -[0m
[2026-06-11T23:32:53.321Z] [INFO] [0mGET /api/v1/planning/suivi-equipements?mois=6&annee=2026 [31m500[0m 52.472 ms - 72[0m
[2026-06-11T23:32:53.368Z] [INFO] [0mGET /api/v1/planning/synthese?mois=6&annee=2026 [31m500[0m 119.446 ms - 110[0m
[2026-06-11T23:32:53.406Z] [INFO] [0mGET /api/v1/planning/lignes [36m304[0m 68.261 ms - -[0m
[2026-06-11T23:32:53.393Z] [INFO] [0mGET /api/v1/alertes?statut=NON_LUE [36m304[0m 113.518 ms - -[0m
[2026-06-11T23:32:53.444Z] [INFO] [0mGET /api/v1/planning/suivi-equipements?mois=6&annee=2026 [31m500[0m 55.475 ms - 72[0m
[2026-06-11T23:32:53.503Z] [INFO] [0mGET /api/v1/planning/graphiques?mois=6&annee=2026 [31m500[0m 245.654 ms - 110[0m
[2026-06-11T23:32:53.593Z] [INFO] [0mGET /api/v1/planning/synthese?mois=6&annee=2026 [31m500[0m 169.667 ms - 110[0m
[2026-06-11T23:32:53.653Z] [INFO] [0mGET /api/v1/planning/graphiques?mois=6&annee=2026 [31m500[0m 97.895 ms - 110[0m
[2026-06-11T23:32:58.060Z] [INFO] [0mGET /api/v1/formulaires?actif=true [36m304[0m 49.353 ms - -[0m
[2026-06-11T23:32:58.155Z] [INFO] [0mGET /api/v1/alertes?statut=NON_LUE [36m304[0m 161.828 ms - -[0m
[2026-06-11T23:32:58.265Z] [INFO] [0mGET /api/v1/formulaires?actif=true [36m304[0m 86.929 ms - -[0m
[2026-06-11T23:33:00.173Z] [INFO] [0mGET /api/v1/planning/lignes [36m304[0m 50.646 ms - -[0m
[2026-06-11T23:33:00.188Z] [INFO] [0mGET /api/v1/alertes?statut=NON_LUE [36m304[0m 68.897 ms - -[0m
[2026-06-11T23:33:00.336Z] [INFO] [0mGET /api/v1/planning/synthese?mois=6&annee=2026 [31m500[0m 187.960 ms - 110[0m
[2026-06-11T23:33:00.445Z] [INFO] [0mGET /api/v1/planning/graphiques?mois=6&annee=2026 [31m500[0m 291.422 ms - 110[0m
[2026-06-11T23:33:00.450Z] [INFO] [0mGET /api/v1/planning/lignes [36m304[0m 149.272 ms - -[0m
[2026-06-11T23:33:00.514Z] [INFO] [0mGET /api/v1/planning/synthese?mois=6&annee=2026 [31m500[0m 101.946 ms - 110[0m
[2026-06-11T23:33:00.534Z] [INFO] [0mGET /api/v1/planning/graphiques?mois=6&annee=2026 [31m500[0m 67.098 ms - 110[0m
[2026-06-11T23:33:00.564Z] [INFO] [0mGET /api/v1/planning/suivi-equipements?mois=6&annee=2026 [31m500[0m 404.096 ms - 72[0m
[2026-06-11T23:33:00.679Z] [INFO] [0mGET /api/v1/planning/suivi-equipements?mois=6&annee=2026 [31m500[0m 93.885 ms - 72[0m
[2026-06-11T23:33:01.978Z] [INFO] [0mGET /api/v1/alertes?statut=NON_LUE [36m304[0m 230.833 ms - -[0m
[2026-06-11T23:33:01.995Z] [INFO] [0mGET /api/v1/soumissions?page=1&limit=15 [36m304[0m 244.482 ms - -[0m
[2026-06-11T23:33:02.073Z] [INFO] [0mGET /api/v1/soumissions?page=1&limit=15 [36m304[0m 44.636 ms - -[0m
[2026-06-11T23:33:02.156Z] [INFO] [0mGET /api/v1/formulaires?actif=true [36m304[0m 395.549 ms - -[0m
[2026-06-11T23:33:02.209Z] [INFO] [0mGET /api/v1/formulaires?actif=true [36m304[0m 12.930 ms - -[0m
[2026-06-11T23:33:02.995Z] [INFO] [0mGET /api/v1/planning/lignes [36m304[0m 24.787 ms - -[0m
[2026-06-11T23:33:03.062Z] [INFO] [0mGET /api/v1/alertes?statut=NON_LUE [36m304[0m 100.728 ms - -[0m
[2026-06-11T23:33:03.124Z] [INFO] [0mGET /api/v1/planning/synthese?mois=6&annee=2026 [31m500[0m 148.472 ms - 110[0m
[2026-06-11T23:33:03.178Z] [INFO] [0mGET /api/v1/planning/lignes [36m304[0m 35.022 ms - -[0m
[2026-06-11T23:33:03.229Z] [INFO] [0mGET /api/v1/planning/synthese?mois=6&annee=2026 [31m500[0m 71.205 ms - 110[0m
[2026-06-11T23:33:03.284Z] [INFO] [0mGET /api/v1/planning/suivi-equipements?mois=6&annee=2026 [31m500[0m 293.815 ms - 72[0m
[2026-06-11T23:33:03.328Z] [INFO] [0mGET /api/v1/planning/suivi-equipements?mois=6&annee=2026 [31m500[0m 21.022 ms - 72[0m
[2026-06-11T23:33:03.344Z] [INFO] [0mGET /api/v1/planning/graphiques?mois=6&annee=2026 [31m500[0m 365.076 ms - 110[0m
[2026-06-11T23:33:03.499Z] [INFO] [0mGET /api/v1/planning/graphiques?mois=6&annee=2026 [31m500[0m 105.977 ms - 110[0m
[2026-06-11T23:33:07.896Z] [INFO] [0mGET /api/v1/alertes?statut=NON_LUE [36m304[0m 113.596 ms - -[0m
[2026-06-11T23:33:07.905Z] [INFO] [0mGET /api/v1/formulaires?actif=true [36m304[0m 115.836 ms - -[0m
[2026-06-11T23:33:07.943Z] [INFO] [0mGET /api/v1/formulaires?actif=true [36m304[0m 19.383 ms - -[0m
[2026-06-11T23:33:09.274Z] [INFO] [0mGET /api/v1/soumissions?page=1&limit=15 [36m304[0m 17.213 ms - -[0m
[2026-06-11T23:33:09.295Z] [INFO] [0mGET /api/v1/alertes?statut=NON_LUE [36m304[0m 41.562 ms - -[0m
[2026-06-11T23:33:09.311Z] [INFO] [0mGET /api/v1/soumissions?page=1&limit=15 [36m304[0m 18.581 ms - -[0m
[2026-06-11T23:33:09.406Z] [INFO] [0mGET /api/v1/formulaires?actif=true [36m304[0m 147.854 ms - -[0m
[2026-06-11T23:33:09.428Z] [INFO] [0mGET /api/v1/formulaires?actif=true [36m304[0m 7.955 ms - -[0m
[2026-06-11T23:33:12.880Z] [INFO] [0mGET /api/v1/soumissions?page=1&limit=20&module=MAINTENANCE [36m304[0m 11.660 ms - -[0m
[2026-06-11T23:33:12.895Z] [INFO] [0mGET /api/v1/alertes?statut=NON_LUE [36m304[0m 37.808 ms - -[0m
[2026-06-11T23:33:12.905Z] [INFO] [0mGET /api/v1/soumissions?page=1&limit=20&module=MAINTENANCE [36m304[0m 10.548 ms - -[0m
[2026-06-11T23:33:13.965Z] [INFO] [0mGET /api/v1/alertes?statut=NON_LUE [36m304[0m 22.477 ms - -[0m
[2026-06-11T23:33:13.974Z] [INFO] [0mGET /api/v1/formulaires?actif=true [36m304[0m 21.389 ms - -[0m
[2026-06-11T23:33:13.997Z] [INFO] [0mGET /api/v1/formulaires?actif=true [36m304[0m 8.379 ms - -[0m
[2026-06-11T23:33:24.875Z] [INFO] [0mGET /api/v1/alertes?statut=NON_LUE [36m304[0m 31.580 ms - -[0m
[2026-06-11T23:33:24.954Z] [INFO] [0mGET /api/v1/utilisateurs/liste-signataires [32m200[0m 14.668 ms - 1573[0m
[2026-06-11T23:33:24.980Z] [INFO] [0mGET /api/v1/formulaires/0f5b88f6-6216-4da4-8b5e-86644586af84 [32m200[0m 75.656 ms - 288[0m
[2026-06-11T23:33:25.048Z] [INFO] [0mGET /api/v1/equipements [36m304[0m 111.333 ms - -[0m
[2026-06-11T23:33:25.156Z] [INFO] [0mGET /api/v1/utilisateurs/liste-signataires [36m304[0m 48.981 ms - -[0m
[2026-06-11T23:33:25.206Z] [INFO] [0mGET /api/v1/formulaires/0f5b88f6-6216-4da4-8b5e-86644586af84 [36m304[0m 34.698 ms - -[0m
[2026-06-11T23:33:25.246Z] [INFO] [0mGET /api/v1/equipements [36m304[0m 58.287 ms - -[0m
[2026-06-11T23:33:33.652Z] [INFO] [0mGET /api/v1/formulaires?actif=true [36m304[0m 14.070 ms - -[0m
[2026-06-11T23:33:33.658Z] [INFO] [0mGET /api/v1/alertes?statut=NON_LUE [36m304[0m 31.876 ms - -[0m
[2026-06-11T23:33:33.677Z] [INFO] [0mGET /api/v1/formulaires?actif=true [36m304[0m 9.191 ms - -[0m
[2026-06-11T23:33:35.053Z] [INFO] [0mGET /api/v1/alertes?statut=NON_LUE [36m304[0m 6.329 ms - -[0m
[2026-06-11T23:33:35.093Z] [INFO] [0mGET /api/v1/utilisateurs/liste-signataires [36m304[0m 2.286 ms - -[0m
[2026-06-11T23:33:35.102Z] [INFO] [0mGET /api/v1/formulaires/fa778bbe-c5a7-488c-9c9e-d05588c7006d [32m200[0m 22.072 ms - 272[0m
[2026-06-11T23:33:35.108Z] [INFO] [0mGET /api/v1/equipements [36m304[0m 19.069 ms - -[0m
[2026-06-11T23:33:35.127Z] [INFO] [0mGET /api/v1/utilisateurs/liste-signataires [36m304[0m 3.311 ms - -[0m
[2026-06-11T23:33:35.148Z] [INFO] [0mGET /api/v1/formulaires/fa778bbe-c5a7-488c-9c9e-d05588c7006d [36m304[0m 12.737 ms - -[0m
[2026-06-11T23:33:35.151Z] [INFO] [0mGET /api/v1/equipements [36m304[0m 11.921 ms - -[0m
[2026-06-11T23:33:37.330Z] [INFO] [0mGET /api/v1/alertes?statut=NON_LUE [36m304[0m 11.440 ms - -[0m
[2026-06-11T23:33:37.336Z] [INFO] [0mGET /api/v1/formulaires?actif=true [36m304[0m 14.959 ms - -[0m
[2026-06-11T23:33:37.356Z] [INFO] [0mGET /api/v1/formulaires?actif=true [36m304[0m 6.653 ms - -[0m
[2026-06-11T23:43:24.133Z] [INFO] 🚀 InnoFaso démarré sur http://localhost:5000
[2026-06-11T23:43:24.199Z] [INFO] ⏰ Cron des alertes démarré.
[2026-06-11T23:43:36.709Z] [INFO] [0mGET /api/v1/auth/me [32m200[0m 101.690 ms - 168[0m
[2026-06-11T23:43:36.808Z] [INFO] [0mGET /api/v1/auth/me [36m304[0m 40.038 ms - -[0m
[2026-06-11T23:43:37.185Z] [INFO] [0mGET /api/v1/formulaires?actif=true [36m304[0m 232.713 ms - -[0m
[2026-06-11T23:43:37.240Z] [INFO] [0mGET /api/v1/formulaires?actif=true [36m304[0m 43.561 ms - -[0m
[2026-06-11T23:43:37.395Z] [INFO] [0mGET /api/v1/alertes?statut=NON_LUE [36m304[0m 338.091 ms - -[0m
[2026-06-11T23:43:37.422Z] [INFO] [0mGET /api/v1/alertes?statut=NON_LUE [36m304[0m 11.833 ms - -[0m
[2026-06-11T23:43:42.602Z] [INFO] [0mGET /api/v1/alertes?statut=NON_LUE [36m304[0m 12.282 ms - -[0m
[2026-06-11T23:43:42.646Z] [INFO] [0mGET /api/v1/utilisateurs/liste-signataires [36m304[0m 19.202 ms - -[0m
[2026-06-11T23:43:42.661Z] [INFO] [0mGET /api/v1/formulaires/0f5b88f6-6216-4da4-8b5e-86644586af84 [36m304[0m 37.973 ms - -[0m
[2026-06-11T23:43:42.682Z] [INFO] [0mGET /api/v1/utilisateurs/liste-signataires [36m304[0m 23.059 ms - -[0m
[2026-06-11T23:43:42.709Z] [INFO] [0mGET /api/v1/formulaires/0f5b88f6-6216-4da4-8b5e-86644586af84 [36m304[0m 17.700 ms - -[0m
[2026-06-11T23:43:42.791Z] [INFO] [0mGET /api/v1/equipements [36m304[0m 157.317 ms - -[0m
[2026-06-11T23:43:42.810Z] [INFO] [0mGET /api/v1/equipements [36m304[0m 6.377 ms - -[0m
[2026-06-11T23:57:07.074Z] [INFO] [0mGET /api/v1/auth/me [36m304[0m 353.014 ms - -[0m
[2026-06-11T23:57:07.133Z] [INFO] [0mGET /api/v1/auth/me [36m304[0m 8.460 ms - -[0m
[2026-06-11T23:57:07.340Z] [INFO] [0mGET /api/v1/utilisateurs/liste-signataires [36m304[0m 76.237 ms - -[0m
[2026-06-11T23:57:07.747Z] [INFO] [0mGET /api/v1/utilisateurs/liste-signataires [36m304[0m 8.022 ms - -[0m
[2026-06-11T23:57:07.880Z] [INFO] [0mGET /api/v1/formulaires/0f5b88f6-6216-4da4-8b5e-86644586af84 [32m200[0m 571.168 ms - 5272[0m
[2026-06-11T23:57:07.910Z] [INFO] [0mGET /api/v1/equipements [36m304[0m 568.333 ms - -[0m
[2026-06-11T23:57:08.008Z] [INFO] [0mGET /api/v1/alertes?statut=NON_LUE [36m304[0m 725.968 ms - -[0m
[2026-06-11T23:57:07.995Z] [INFO] [0mGET /api/v1/formulaires/0f5b88f6-6216-4da4-8b5e-86644586af84 [36m304[0m 37.267 ms - -[0m
[2026-06-11T23:57:08.023Z] [INFO] [0mGET /api/v1/equipements [36m304[0m 57.448 ms - -[0m
[2026-06-11T23:57:08.072Z] [INFO] [0mGET /api/v1/alertes?statut=NON_LUE [36m304[0m 21.864 ms - -[0m
[2026-06-11T23:57:17.237Z] [INFO] [0mGET /api/v1/alertes?statut=NON_LUE [36m304[0m 35.817 ms - -[0m
[2026-06-11T23:57:17.243Z] [INFO] [0mGET /api/v1/soumissions?page=1&limit=15 [32m200[0m 38.258 ms - 515[0m
[2026-06-11T23:57:17.250Z] [INFO] [0mGET /api/v1/formulaires?actif=true [32m200[0m 39.715 ms - 18665[0m
[2026-06-11T23:57:17.314Z] [INFO] [0mGET /api/v1/soumissions?page=1&limit=15 [36m304[0m 33.768 ms - -[0m
[2026-06-11T23:57:17.320Z] [INFO] [0mGET /api/v1/formulaires?actif=true [36m304[0m 38.273 ms - -[0m
[2026-06-11T23:57:18.982Z] [INFO] [0mGET /api/v1/alertes?statut=NON_LUE [36m304[0m 10.450 ms - -[0m
[2026-06-11T23:57:18.983Z] [INFO] [0mGET /api/v1/soumissions?page=1&limit=20&module=MAINTENANCE [36m304[0m 6.466 ms - -[0m
[2026-06-11T23:57:19.016Z] [INFO] [0mGET /api/v1/soumissions?page=1&limit=20&module=MAINTENANCE [36m304[0m 12.515 ms - -[0m
[2026-06-11T23:57:20.139Z] [INFO] [0mGET /api/v1/alertes?statut=NON_LUE [36m304[0m 28.348 ms - -[0m
[2026-06-11T23:57:20.168Z] [INFO] [0mGET /api/v1/matieres/stats [36m304[0m 35.735 ms - -[0m
[2026-06-11T23:57:20.174Z] [INFO] [0mGET /api/v1/matieres/categories [36m304[0m 45.661 ms - -[0m
[2026-06-11T23:57:20.176Z] [INFO] [0mGET /api/v1/matieres?actif=true [36m304[0m 51.605 ms - -[0m
[2026-06-11T23:57:20.196Z] [INFO] [0mGET /api/v1/matieres/stats [36m304[0m 16.898 ms - -[0m
[2026-06-11T23:57:20.241Z] [INFO] [0mGET /api/v1/matieres/categories [36m304[0m 13.789 ms - -[0m
[2026-06-11T23:57:20.246Z] [INFO] [0mGET /api/v1/matieres?actif=true [36m304[0m 14.757 ms - -[0m
[2026-06-11T23:57:21.044Z] [INFO] [0mGET /api/v1/alertes?statut=NON_LUE [36m304[0m 16.305 ms - -[0m
[2026-06-11T23:57:21.077Z] [INFO] [0mGET /api/v1/alertes?statut=NON_LUE&module=MAINTENANCE&page=1&limit=20 [36m304[0m 18.595 ms - -[0m
[2026-06-11T23:57:21.160Z] [INFO] [0mGET /api/v1/alertes?statut=NON_LUE&module=MAINTENANCE&page=1&limit=20 [36m304[0m 25.029 ms - -[0m
[2026-06-11T23:57:23.642Z] [INFO] [0mGET /api/v1/matieres/categories [36m304[0m 6.717 ms - -[0m
[2026-06-11T23:57:23.648Z] [INFO] [0mGET /api/v1/matieres?actif=true [36m304[0m 14.757 ms - -[0m
[2026-06-11T23:57:23.650Z] [INFO] [0mGET /api/v1/alertes?statut=NON_LUE [36m304[0m 18.793 ms - -[0m
[2026-06-11T23:57:23.653Z] [INFO] [0mGET /api/v1/matieres/stats [36m304[0m 16.961 ms - -[0m
[2026-06-11T23:57:23.684Z] [INFO] [0mGET /api/v1/matieres/categories [36m304[0m 18.431 ms - -[0m
[2026-06-11T23:57:23.735Z] [INFO] [0mGET /api/v1/matieres/stats [36m304[0m 16.386 ms - -[0m
[2026-06-11T23:57:23.749Z] [INFO] [0mGET /api/v1/matieres?actif=true [36m304[0m 50.761 ms - -[0m
[2026-06-11T23:57:25.380Z] [INFO] [0mGET /api/v1/alertes?statut=NON_LUE [36m304[0m 25.172 ms - -[0m
[2026-06-11T23:57:25.397Z] [INFO] [0mGET /api/v1/formulaires?actif=true [36m304[0m 25.027 ms - -[0m
[2026-06-11T23:57:25.459Z] [INFO] [0mGET /api/v1/formulaires?actif=true [36m304[0m 48.827 ms - -[0m
[2026-06-11T23:57:28.125Z] [INFO] [0mGET /api/v1/alertes?statut=NON_LUE [36m304[0m 7.751 ms - -[0m
[2026-06-11T23:57:28.204Z] [INFO] [0mGET /api/v1/utilisateurs/liste-signataires [36m304[0m 11.627 ms - -[0m
[2026-06-11T23:57:28.220Z] [INFO] [0mGET /api/v1/formulaires/0f5b88f6-6216-4da4-8b5e-86644586af84 [36m304[0m 37.657 ms - -[0m
[2026-06-11T23:57:28.231Z] [INFO] [0mGET /api/v1/equipements [36m304[0m 42.785 ms - -[0m
[2026-06-11T23:57:28.247Z] [INFO] [0mGET /api/v1/utilisateurs/liste-signataires [36m304[0m 15.336 ms - -[0m
[2026-06-11T23:57:28.302Z] [INFO] [0mGET /api/v1/formulaires/0f5b88f6-6216-4da4-8b5e-86644586af84 [36m304[0m 25.004 ms - -[0m
[2026-06-11T23:57:28.321Z] [INFO] [0mGET /api/v1/equipements [36m304[0m 24.717 ms - -[0m
[2026-06-11T23:57:41.915Z] [INFO] [0mPOST /api/v1/soumissions [32m201[0m 63.194 ms - 401[0m
[2026-06-11T23:57:41.995Z] [INFO] [0mGET /api/v1/alertes?statut=NON_LUE [36m304[0m 12.919 ms - -[0m
[2026-06-11T23:57:42.012Z] [INFO] [0mGET /api/v1/formulaires?actif=true [32m200[0m 11.364 ms - 18687[0m
[2026-06-11T23:57:42.019Z] [INFO] [0mGET /api/v1/soumissions?page=1&limit=15 [32m200[0m 21.919 ms - 938[0m
[2026-06-11T23:57:42.084Z] [INFO] [0mGET /api/v1/formulaires?actif=true [36m304[0m 41.015 ms - -[0m
[2026-06-11T23:57:42.087Z] [INFO] [0mGET /api/v1/soumissions?page=1&limit=15 [36m304[0m 29.056 ms - -[0m
[2026-06-11T23:57:45.896Z] [INFO] [0mGET /api/v1/alertes?statut=NON_LUE [36m304[0m 6.084 ms - -[0m
[2026-06-11T23:57:45.902Z] [INFO] [0mGET /api/v1/alertes?statut=NON_LUE&module=MAINTENANCE&page=1&limit=20 [36m304[0m 11.903 ms - -[0m
[2026-06-11T23:57:45.915Z] [INFO] [0mGET /api/v1/alertes?statut=NON_LUE&module=MAINTENANCE&page=1&limit=20 [36m304[0m 8.352 ms - -[0m
[2026-06-11T23:58:42.951Z] [INFO] [0mGET /api/v1/auth/me [36m304[0m 9.335 ms - -[0m
[2026-06-11T23:58:42.967Z] [INFO] [0mGET /api/v1/auth/me [36m304[0m 3.622 ms - -[0m
[2026-06-11T23:58:43.126Z] [INFO] [0mGET /api/v1/alertes?statut=NON_LUE [36m304[0m 72.184 ms - -[0m
[2026-06-11T23:58:43.163Z] [INFO] [0mGET /api/v1/alertes?statut=NON_LUE&module=MAINTENANCE&page=1&limit=20 [36m304[0m 88.194 ms - -[0m
[2026-06-11T23:58:43.237Z] [INFO] [0mGET /api/v1/alertes?statut=NON_LUE [36m304[0m 9.803 ms - -[0m
[2026-06-11T23:58:43.254Z] [INFO] [0mGET /api/v1/alertes?statut=NON_LUE&module=MAINTENANCE&page=1&limit=20 [36m304[0m 19.418 ms - -[0m
[2026-06-11T23:58:43.987Z] [INFO] [0mGET /api/v1/alertes?statut=NON_LUE [36m304[0m 11.770 ms - -[0m
[2026-06-11T23:58:44.052Z] [INFO] [0mGET /api/v1/formulaires?actif=true [32m200[0m 48.316 ms - 18731[0m
[2026-06-11T23:58:44.081Z] [INFO] [0mGET /api/v1/formulaires?actif=true [36m304[0m 12.109 ms - -[0m
[2026-06-11T23:58:45.031Z] [INFO] [0mGET /api/v1/alertes?statut=NON_LUE [36m304[0m 18.368 ms - -[0m
[2026-06-11T23:58:45.032Z] [INFO] [0mGET /api/v1/soumissions?page=1&limit=15 [32m200[0m 16.915 ms - 2224[0m
[2026-06-11T23:58:45.064Z] [INFO] [0mGET /api/v1/soumissions?page=1&limit=15 [36m304[0m 13.960 ms - -[0m
[2026-06-11T23:58:45.196Z] [INFO] [0mGET /api/v1/formulaires?actif=true [36m304[0m 178.590 ms - -[0m
[2026-06-11T23:58:45.210Z] [INFO] [0mGET /api/v1/formulaires?actif=true [36m304[0m 7.726 ms - -[0m
[2026-06-11T23:58:46.836Z] [INFO] [0mGET /api/v1/soumissions?page=1&limit=20&module=MAINTENANCE [32m200[0m 9.155 ms - 522[0m
[2026-06-11T23:58:46.843Z] [INFO] [0mGET /api/v1/alertes?statut=NON_LUE [36m304[0m 18.693 ms - -[0m
[2026-06-11T23:58:46.867Z] [INFO] [0mGET /api/v1/soumissions?page=1&limit=20&module=MAINTENANCE [36m304[0m 6.001 ms - -[0m
[2026-06-11T23:58:52.214Z] [INFO] [0mGET /api/v1/alertes?statut=NON_LUE [36m304[0m 17.581 ms - -[0m
[2026-06-11T23:58:52.258Z] [INFO] [0mGET /api/v1/alertes?statut=NON_LUE&module=MAINTENANCE&page=1&limit=20 [36m304[0m 24.633 ms - -[0m
[2026-06-11T23:58:52.315Z] [INFO] [0mGET /api/v1/alertes?statut=NON_LUE&module=MAINTENANCE&page=1&limit=20 [36m304[0m 37.286 ms - -[0m
[2026-06-11T23:58:53.554Z] [INFO] [0mGET /api/v1/matieres?actif=true [36m304[0m 26.523 ms - -[0m
[2026-06-11T23:58:53.568Z] [INFO] [0mGET /api/v1/matieres/categories [36m304[0m 33.182 ms - -[0m
[2026-06-11T23:58:53.575Z] [INFO] [0mGET /api/v1/alertes?statut=NON_LUE [36m304[0m 48.836 ms - -[0m
[2026-06-11T23:58:53.601Z] [INFO] [0mGET /api/v1/matieres/categories [36m304[0m 2.956 ms - -[0m
[2026-06-11T23:58:53.625Z] [INFO] [0mGET /api/v1/matieres?actif=true [36m304[0m 34.015 ms - -[0m
[2026-06-11T23:58:53.705Z] [INFO] [0mGET /api/v1/matieres/stats [36m304[0m 163.351 ms - -[0m
[2026-06-11T23:58:53.719Z] [INFO] [0mGET /api/v1/matieres/stats [36m304[0m 7.349 ms - -[0m
[2026-06-11T23:58:54.859Z] [INFO] [0mGET /api/v1/equipements [36m304[0m 14.861 ms - -[0m
[2026-06-11T23:58:54.890Z] [INFO] [0mGET /api/v1/equipements [36m304[0m 13.008 ms - -[0m
[2026-06-11T23:58:54.899Z] [INFO] [0mGET /api/v1/alertes?statut=NON_LUE [36m304[0m 62.410 ms - -[0m
[2026-06-11T23:59:02.693Z] [INFO] [0mGET /api/v1/auth/me [36m304[0m 8.714 ms - -[0m
[2026-06-11T23:59:02.866Z] [INFO] [0mGET /api/v1/auth/me [36m304[0m 134.016 ms - -[0m
[2026-06-11T23:59:03.012Z] [INFO] [0mGET /api/v1/matieres?actif=true [36m304[0m 107.588 ms - -[0m
[2026-06-11T23:59:03.063Z] [INFO] [0mGET /api/v1/matieres/stats [36m304[0m 104.240 ms - -[0m
[2026-06-11T23:59:03.029Z] [INFO] [0mGET /api/v1/matieres/categories [36m304[0m 101.681 ms - -[0m
[2026-06-11T23:59:03.096Z] [INFO] [0mGET /api/v1/alertes?statut=NON_LUE [36m304[0m 205.134 ms - -[0m
[2026-06-11T23:59:03.160Z] [INFO] [0mGET /api/v1/matieres/stats [36m304[0m 19.726 ms - -[0m
[2026-06-11T23:59:03.166Z] [INFO] [0mGET /api/v1/matieres/categories [36m304[0m 29.213 ms - -[0m
[2026-06-11T23:59:03.180Z] [INFO] [0mGET /api/v1/matieres?actif=true [36m304[0m 47.383 ms - -[0m
[2026-06-11T23:59:03.198Z] [INFO] [0mGET /api/v1/alertes?statut=NON_LUE [36m304[0m 53.123 ms - -[0m
[2026-06-11T23:59:06.120Z] [INFO] [0mGET /api/v1/alertes?statut=NON_LUE [36m304[0m 35.669 ms - -[0m
[2026-06-11T23:59:06.125Z] [INFO] [0mGET /api/v1/lignes [36m304[0m 45.580 ms - -[0m
[2026-06-11T23:59:06.155Z] [INFO] [0mGET /api/v1/lignes [36m304[0m 4.138 ms - -[0m
[2026-06-11T23:59:08.676Z] [INFO] [0mGET /api/v1/alertes?statut=NON_LUE [36m304[0m 13.929 ms - -[0m
[2026-06-11T23:59:08.685Z] [INFO] [0mGET /api/v1/planning/lignes [36m304[0m 18.801 ms - -[0m
[2026-06-11T23:59:08.699Z] [INFO] [0mGET /api/v1/planning/lignes [36m304[0m 3.210 ms - -[0m
[2026-06-11T23:59:08.776Z] [INFO] [0mGET /api/v1/planning/mois?ligne_id=0dbcc3af-69b7-4ac8-8b44-5c4a7e8d98ab&mois=6&annee=2026&semaine_index=2 [36m304[0m 64.618 ms - -[0m
[2026-06-11T23:59:11.621Z] [INFO] [0mGET /api/v1/alertes?statut=NON_LUE [36m304[0m 12.433 ms - -[0m
[2026-06-11T23:59:11.627Z] [INFO] [0mGET /api/v1/equipements [36m304[0m 8.872 ms - -[0m
[2026-06-11T23:59:11.629Z] [INFO] [0mGET /api/v1/stock/pieces [36m304[0m 16.036 ms - -[0m
[2026-06-11T23:59:11.658Z] [INFO] [0mGET /api/v1/equipements [36m304[0m 12.617 ms - -[0m
[2026-06-11T23:59:11.659Z] [INFO] [0mGET /api/v1/stock/pieces [36m304[0m 9.654 ms - -[0m
[2026-06-11T23:59:17.523Z] [INFO] [0mPOST /api/v1/auth/login [32m200[0m 325.088 ms - 551[0m
[2026-06-11T23:59:19.099Z] [INFO] [0mGET /api/v1/planning/lignes [36m304[0m 106.876 ms - -[0m
[2026-06-11T23:59:19.121Z] [INFO] [0mGET /api/v1/alertes?statut=NON_LUE [32m200[0m 144.418 ms - 2557[0m
[2026-06-11T23:59:19.219Z] [INFO] [0mGET /api/v1/planning/synthese?mois=6&annee=2026 [31m500[0m 199.055 ms - 110[0m
[2026-06-11T23:59:19.346Z] [INFO] [0mGET /api/v1/planning/lignes [36m304[0m 193.837 ms - -[0m
[2026-06-11T23:59:19.355Z] [INFO] [0mGET /api/v1/planning/graphiques?mois=6&annee=2026 [31m500[0m 345.162 ms - 110[0m
[2026-06-11T23:59:19.449Z] [INFO] [0mGET /api/v1/alertes?statut=NON_LUE [36m304[0m 130.172 ms - -[0m
[2026-06-11T23:59:19.539Z] [INFO] [0mGET /api/v1/planning/graphiques?mois=6&annee=2026 [31m500[0m 118.529 ms - 110[0m
[2026-06-11T23:59:19.632Z] [INFO] [0mGET /api/v1/planning/suivi-equipements?mois=6&annee=2026 [31m500[0m 596.933 ms - 72[0m
[2026-06-11T23:59:19.767Z] [INFO] [0mGET /api/v1/planning/suivi-equipements?mois=6&annee=2026 [31m500[0m 53.735 ms - 72[0m
[2026-06-11T23:59:19.854Z] [INFO] [0mGET /api/v1/planning/synthese?mois=6&annee=2026 [31m500[0m 530.406 ms - 110[0m
[2026-06-11T23:59:21.857Z] [INFO] [0mGET /api/v1/alertes?statut=NON_LUE&module=MAINTENANCE&page=1&limit=20 [32m200[0m 174.784 ms - 2561[0m
[2026-06-11T23:59:21.865Z] [INFO] [0mGET /api/v1/alertes?statut=NON_LUE [36m304[0m 182.650 ms - -[0m
[2026-06-11T23:59:21.920Z] [INFO] [0mGET /api/v1/alertes?statut=NON_LUE&module=MAINTENANCE&page=1&limit=20 [36m304[0m 42.051 ms - -[0m
[2026-06-11T23:59:35.729Z] [INFO] [0mPATCH /api/v1/alertes/toutes/lues [32m200[0m 14.248 ms - 49[0m
[2026-06-11T23:59:39.132Z] [INFO] [0mGET /api/v1/soumissions?page=1&limit=20&module=MAINTENANCE [36m304[0m 11.639 ms - -[0m
[2026-06-11T23:59:39.129Z] [INFO] [0mGET /api/v1/alertes?statut=NON_LUE [36m304[0m 9.365 ms - -[0m
[2026-06-11T23:59:39.159Z] [INFO] [0mGET /api/v1/soumissions?page=1&limit=20&module=MAINTENANCE [36m304[0m 12.160 ms - -[0m
[2026-06-11T23:59:43.568Z] [INFO] [0mGET /api/v1/alertes?statut=NON_LUE [36m304[0m 17.304 ms - -[0m
[2026-06-11T23:59:43.572Z] [INFO] [0mGET /api/v1/soumissions?page=1&limit=15 [36m304[0m 17.597 ms - -[0m
[2026-06-11T23:59:43.672Z] [INFO] [0mGET /api/v1/soumissions?page=1&limit=15 [36m304[0m 87.324 ms - -[0m
[2026-06-11T23:59:43.762Z] [INFO] [0mGET /api/v1/formulaires?actif=true [36m304[0m 205.000 ms - -[0m
[2026-06-11T23:59:43.772Z] [INFO] [0mGET /api/v1/soumissions?page=1&limit=15&module=MAINTENANCE [32m200[0m 212.172 ms - 522[0m
[2026-06-11T23:59:43.794Z] [INFO] [0mGET /api/v1/formulaires?actif=true [36m304[0m 23.349 ms - -[0m
[2026-06-11T23:59:43.801Z] [INFO] [0mGET /api/v1/formulaires?actif=true&module=MAINTENANCE [32m200[0m 240.536 ms - 14274[0m
[2026-06-11T23:59:45.860Z] [INFO] [0mGET /api/v1/soumissions?page=1&limit=20&module=MAINTENANCE [36m304[0m 23.473 ms - -[0m
[2026-06-11T23:59:45.863Z] [INFO] [0mGET /api/v1/alertes?statut=NON_LUE [36m304[0m 28.322 ms - -[0m
[2026-06-11T23:59:45.876Z] [INFO] [0mGET /api/v1/soumissions?page=1&limit=20&module=MAINTENANCE [36m304[0m 7.842 ms - -[0m
[2026-06-11T23:59:47.596Z] [INFO] [0mGET /api/v1/alertes?statut=NON_LUE [36m304[0m 13.548 ms - -[0m
[2026-06-11T23:59:47.598Z] [INFO] [0mGET /api/v1/soumissions?page=1&limit=15 [36m304[0m 12.943 ms - -[0m
[2026-06-11T23:59:47.599Z] [INFO] [0mGET /api/v1/soumissions?page=1&limit=15&module=MAINTENANCE [36m304[0m 9.729 ms - -[0m
[2026-06-11T23:59:47.611Z] [INFO] [0mGET /api/v1/formulaires?actif=true [36m304[0m 19.825 ms - -[0m
[2026-06-11T23:59:47.618Z] [INFO] [0mGET /api/v1/formulaires?actif=true&module=MAINTENANCE [36m304[0m 24.353 ms - -[0m
[2026-06-11T23:59:47.649Z] [INFO] [0mGET /api/v1/formulaires?actif=true [36m304[0m 17.610 ms - -[0m
[2026-06-11T23:59:47.662Z] [INFO] [0mGET /api/v1/soumissions?page=1&limit=15 [36m304[0m 34.529 ms - -[0m
[2026-06-11T23:59:51.354Z] [INFO] [0mGET /api/v1/alertes?statut=NON_LUE [36m304[0m 20.356 ms - -[0m
[2026-06-11T23:59:51.385Z] [INFO] [0mGET /api/v1/alertes?statut=NON_LUE&module=MAINTENANCE&page=1&limit=20 [36m304[0m 37.630 ms - -[0m
[2026-06-11T23:59:51.420Z] [INFO] [0mGET /api/v1/alertes?statut=NON_LUE&module=MAINTENANCE&page=1&limit=20 [36m304[0m 17.420 ms - -[0m
